<?xml version="1.0" encoding="UTF-8"?>
<!-- Generated by org.testng.reporters.JUnitXMLReporter -->
<testsuite hostname="Sampath-Lappy" name="Test" tests="19" failures="0" timestamp="28 Dec 2016 21:31:50 GMT" time="43.423" errors="0">
  <testcase name="@BeforeTest beforeTest" time="0.0" classname="example.NewTest">
    <failure type="org.openqa.selenium.remote.UnreachableBrowserException" message="Error communicating with the remote browser. It may have died.
Build info: version: &amp;apos;2.53.1&amp;apos;, revision: &amp;apos;a36b8b1&amp;apos;, time: &amp;apos;2016-06-30 17:32:46&amp;apos;
System info: host: &amp;apos;Sampath-Lappy&amp;apos;, ip: &amp;apos;10.0.0.6&amp;apos;, os.name: &amp;apos;Windows 10&amp;apos;, os.arch: &amp;apos;amd64&amp;apos;, os.version: &amp;apos;10.0&amp;apos;, java.version: &amp;apos;1.8.0_101&amp;apos;
Driver info: driver.version: RemoteWebDriver
Capabilities [{applicationCacheEnabled=true, rotatable=false, handlesAlerts=true, databaseEnabled=true, version=45.0, platform=WINDOWS, nativeEvents=false, acceptSslCerts=true, webStorageEnabled=true, locationContextEnabled=true, browserName=firefox, takesScreenshot=true, javascriptEnabled=true, cssSelectorsEnabled=true}]
Session ID: 723f4477-f2a6-4c89-ab0a-d19ea13e337e">
      <![CDATA[org.openqa.selenium.remote.UnreachableBrowserException: Error communicating with the remote browser. It may have died.
Build info: version: '2.53.1', revision: 'a36b8b1', time: '2016-06-30 17:32:46'
System info: host: 'Sampath-Lappy', ip: '10.0.0.6', os.name: 'Windows 10', os.arch: 'amd64', os.version: '10.0', java.version: '1.8.0_101'
Driver info: driver.version: RemoteWebDriver
Capabilities [{applicationCacheEnabled=true, rotatable=false, handlesAlerts=true, databaseEnabled=true, version=45.0, platform=WINDOWS, nativeEvents=false, acceptSslCerts=true, webStorageEnabled=true, locationContextEnabled=true, browserName=firefox, takesScreenshot=true, javascriptEnabled=true, cssSelectorsEnabled=true}]
Session ID: 723f4477-f2a6-4c89-ab0a-d19ea13e337e
	at org.openqa.selenium.remote.RemoteWebDriver.execute(RemoteWebDriver.java:665)
	at org.openqa.selenium.remote.RemoteWebDriver.findElement(RemoteWebDriver.java:363)
	at org.openqa.selenium.remote.RemoteWebDriver.findElementByName(RemoteWebDriver.java:461)
	at org.openqa.selenium.By$ByName.findElement(By.java:303)
	at org.openqa.selenium.remote.RemoteWebDriver.findElement(RemoteWebDriver.java:355)
	at example.NewTest.beforeTest(NewTest.java:226)
Caused by: org.apache.http.conn.HttpHostConnectException: Connect to 127.0.0.1:7055 [/127.0.0.1] failed: Connection refused: connect
	at org.apache.http.impl.conn.DefaultHttpClientConnectionOperator.connect(DefaultHttpClientConnectionOperator.java:151)
	at org.apache.http.impl.conn.PoolingHttpClientConnectionManager.connect(PoolingHttpClientConnectionManager.java:353)
	at org.apache.http.impl.execchain.MainClientExec.establishRoute(MainClientExec.java:380)
	at org.apache.http.impl.execchain.MainClientExec.execute(MainClientExec.java:236)
	at org.apache.http.impl.execchain.ProtocolExec.execute(ProtocolExec.java:184)
	at org.apache.http.impl.execchain.RetryExec.execute(RetryExec.java:88)
	at org.apache.http.impl.execchain.RedirectExec.execute(RedirectExec.java:110)
	at org.apache.http.impl.client.InternalHttpClient.doExecute(InternalHttpClient.java:184)
	at org.apache.http.impl.client.CloseableHttpClient.execute(CloseableHttpClient.java:71)
	at org.apache.http.impl.client.CloseableHttpClient.execute(CloseableHttpClient.java:55)
	at org.openqa.selenium.remote.internal.ApacheHttpClient.fallBackExecute(ApacheHttpClient.java:144)
	at org.openqa.selenium.remote.internal.ApacheHttpClient.execute(ApacheHttpClient.java:90)
	at org.openqa.selenium.remote.HttpCommandExecutor.execute(HttpCommandExecutor.java:142)
	at org.openqa.selenium.firefox.internal.NewProfileExtensionConnection.execute(NewProfileExtensionConnection.java:160)
	at org.openqa.selenium.firefox.FirefoxDriver$LazyCommandExecutor.execute(FirefoxDriver.java:380)
	at org.openqa.selenium.remote.RemoteWebDriver.execute(RemoteWebDriver.java:644)
	... 27 more
Caused by: java.net.ConnectException: Connection refused: connect
	at java.net.DualStackPlainSocketImpl.waitForConnect(Native Method)
	at java.net.DualStackPlainSocketImpl.socketConnect(Unknown Source)
	at java.net.AbstractPlainSocketImpl.doConnect(Unknown Source)
	at java.net.AbstractPlainSocketImpl.connectToAddress(Unknown Source)
	at java.net.AbstractPlainSocketImpl.connect(Unknown Source)
	at java.net.PlainSocketImpl.connect(Unknown Source)
	at java.net.SocksSocketImpl.connect(Unknown Source)
	at java.net.Socket.connect(Unknown Source)
	at org.apache.http.conn.socket.PlainConnectionSocketFactory.connectSocket(PlainConnectionSocketFactory.java:74)
	at org.apache.http.impl.conn.DefaultHttpClientConnectionOperator.connect(DefaultHttpClientConnectionOperator.java:134)
	... 42 more
... Removed 22 stack frames]]>
    </failure>
  </testcase> <!-- @BeforeTest beforeTest -->
  <testcase name="@AfterTest afterTest" time="0.0" classname="example.NewTest">
    <skipped/>
  </testcase> <!-- @AfterTest afterTest -->
  <testcase name="Amount_PublicRecords" time="0.005" classname="example.NewTest">
    <skipped/>
  </testcase> <!-- Amount_PublicRecords -->
  <testcase name="Balance_Accounts1" time="0.005" classname="example.NewTest">
    <skipped/>
  </testcase> <!-- Balance_Accounts1 -->
  <testcase name="Balance_Accounts2" time="0.006" classname="example.NewTest">
    <skipped/>
  </testcase> <!-- Balance_Accounts2 -->
  <testcase name="Balance_Accounts3" time="0.007" classname="example.NewTest">
    <skipped/>
  </testcase> <!-- Balance_Accounts3 -->
  <testcase name="Balance_Accounts4" time="0.005" classname="example.NewTest">
    <skipped/>
  </testcase> <!-- Balance_Accounts4 -->
  <testcase name="Balance_Accounts5" time="0.004" classname="example.NewTest">
    <skipped/>
  </testcase> <!-- Balance_Accounts5 -->
  <testcase name="Balance_Accounts6" time="0.004" classname="example.NewTest">
    <skipped/>
  </testcase> <!-- Balance_Accounts6 -->
  <testcase name="Balance_Accounts7" time="0.005" classname="example.NewTest">
    <skipped/>
  </testcase> <!-- Balance_Accounts7 -->
  <testcase name="Balance_Accounts8" time="0.003" classname="example.NewTest">
    <skipped/>
  </testcase> <!-- Balance_Accounts8 -->
  <testcase name="Balance_Collections1" time="0.004" classname="example.NewTest">
    <skipped/>
  </testcase> <!-- Balance_Collections1 -->
  <testcase name="Balance_Collections2" time="0.01" classname="example.NewTest">
    <skipped/>
  </testcase> <!-- Balance_Collections2 -->
  <testcase name="Balance_Collections3" time="0.013" classname="example.NewTest">
    <skipped/>
  </testcase> <!-- Balance_Collections3 -->
  <testcase name="Balance_Collections4" time="0.007" classname="example.NewTest">
    <skipped/>
  </testcase> <!-- Balance_Collections4 -->
  <testcase name="Credit_Inquiry1" time="0.003" classname="example.NewTest">
    <skipped/>
  </testcase> <!-- Credit_Inquiry1 -->
  <testcase name="Credit_Inquiry2" time="0.007" classname="example.NewTest">
    <skipped/>
  </testcase> <!-- Credit_Inquiry2 -->
  <testcase name="No_of_Collections" time="0.003" classname="example.NewTest">
    <skipped/>
  </testcase> <!-- No_of_Collections -->
  <testcase name="No_of_Credit_Inquires" time="0.003" classname="example.NewTest">
    <skipped/>
  </testcase> <!-- No_of_Credit_Inquires -->
  <testcase name="No_of_Open_Accounts" time="0.003" classname="example.NewTest">
    <skipped/>
  </testcase> <!-- No_of_Open_Accounts -->
  <testcase name="No_of_Public_Records" time="0.003" classname="example.NewTest">
    <skipped/>
  </testcase> <!-- No_of_Public_Records -->
</testsuite> <!-- Test -->
