<?xml version="1.0" encoding="UTF-8"?>
<!-- Generated by org.testng.reporters.JUnitXMLReporter -->
<testsuite hostname="Sampath-Lappy" name="Default test" tests="53" failures="3" timestamp="1 Jan 2017 08:25:02 GMT" time="143.365" errors="0">
  <testcase name="Static_Data_Amount_PublicRecords" time="0.401" classname="example.NewTest"/>
  <testcase name="Static_Data_Balance_Accounts1" time="0.343" classname="example.NewTest"/>
  <testcase name="Static_Data_Balance_Accounts2" time="0.313" classname="example.NewTest"/>
  <testcase name="Static_Data_Balance_Accounts3" time="0.314" classname="example.NewTest"/>
  <testcase name="Static_Data_Balance_Accounts4" time="0.24" classname="example.NewTest"/>
  <testcase name="Static_Data_Balance_Accounts5" time="0.253" classname="example.NewTest"/>
  <testcase name="Static_Data_Balance_Accounts6" time="0.289" classname="example.NewTest"/>
  <testcase name="Static_Data_Balance_Accounts7" time="0.284" classname="example.NewTest"/>
  <testcase name="Static_Data_Balance_Accounts8" time="0.318" classname="example.NewTest"/>
  <testcase name="Static_Data_Balance_Collections1" time="0.303" classname="example.NewTest"/>
  <testcase name="Static_Data_Balance_Collections2" time="0.565" classname="example.NewTest"/>
  <testcase name="Static_Data_Balance_Collections3" time="0.285" classname="example.NewTest"/>
  <testcase name="Static_Data_Balance_Collections4" time="0.218" classname="example.NewTest"/>
  <testcase name="Static_Data_Credit_Inquiry1" time="0.246" classname="example.NewTest"/>
  <testcase name="Static_Data_Credit_Inquiry2" time="0.269" classname="example.NewTest"/>
  <testcase name="Static_Data_No_of_Collections" time="0.246" classname="example.NewTest"/>
  <testcase name="Static_Data_No_of_Credit_Inquires" time="0.291" classname="example.NewTest"/>
  <testcase name="Static_Data_No_of_Open_Accounts" time="0.256" classname="example.NewTest"/>
  <testcase name="Static_Data_No_of_Public_Records" time="0.256" classname="example.NewTest"/>
  <testcase name="Static_Data_Validation_Name_and_Address" time="0.274" classname="example.NewTest"/>
  <testcase name="Static_Data_Validation_closed_under_Open_Accounts" time="0.512" classname="example.NewTest"/>
  <testcase name="Static_Data_Validation_personal_Information_For_Current_Address" time="0.339" classname="example.NewTest"/>
  <testcase name="Static_Data_Validation_personal_Information_For_Current_Employer" time="0.288" classname="example.NewTest"/>
  <testcase name="Static_Data_Validation_personal_Information_For_Previous_Address1" time="0.258" classname="example.NewTest"/>
  <testcase name="Static_Data_Validation_personal_Information_For_Previous_Address2" time="0.24" classname="example.NewTest"/>
  <testcase name="Zstatic_Validation_A1_AA_Credit_Card_NAVY_FCU_under_Accounts" time="1.833" classname="example.NewTest">
    <failure type="java.lang.IllegalMonitorStateException">
      <![CDATA[java.lang.IllegalMonitorStateException
	at java.lang.Object.wait(Native Method)
	at example.NewTest.Zstatic_Validation_A1_AA_Credit_Card_NAVY_FCU_under_Accounts(NewTest.java:202)
	at sun.reflect.NativeMethodAccessorImpl.invoke0(Native Method)
	at sun.reflect.NativeMethodAccessorImpl.invoke(Unknown Source)
	at sun.reflect.DelegatingMethodAccessorImpl.invoke(Unknown Source)
	at java.lang.reflect.Method.invoke(Unknown Source)
	at org.testng.internal.MethodInvocationHelper.invokeMethod(MethodInvocationHelper.java:85)
	at org.testng.internal.Invoker.invokeMethod(Invoker.java:639)
	at org.testng.internal.Invoker.invokeTestMethod(Invoker.java:816)
	at org.testng.internal.Invoker.invokeTestMethods(Invoker.java:1124)
	at org.testng.internal.TestMethodWorker.invokeTestMethods(TestMethodWorker.java:125)
	at org.testng.internal.TestMethodWorker.run(TestMethodWorker.java:108)
	at org.testng.TestRunner.privateRun(TestRunner.java:774)
	at org.testng.TestRunner.run(TestRunner.java:624)
	at org.testng.SuiteRunner.runTest(SuiteRunner.java:359)
	at org.testng.SuiteRunner.runSequentially(SuiteRunner.java:354)
	at org.testng.SuiteRunner.privateRun(SuiteRunner.java:312)
	at org.testng.SuiteRunner.run(SuiteRunner.java:261)
	at org.testng.SuiteRunnerWorker.runSuite(SuiteRunnerWorker.java:52)
	at org.testng.SuiteRunnerWorker.run(SuiteRunnerWorker.java:86)
	at org.testng.TestNG.runSuitesSequentially(TestNG.java:1215)
	at org.testng.TestNG.runSuitesLocally(TestNG.java:1140)
	at org.testng.TestNG.run(TestNG.java:1048)
	at org.testng.remote.AbstractRemoteTestNG.run(AbstractRemoteTestNG.java:132)
	at org.testng.remote.RemoteTestNG.initAndRun(RemoteTestNG.java:236)
	at org.testng.remote.RemoteTestNG.main(RemoteTestNG.java:81)
]]>
    </failure>
  </testcase> <!-- Zstatic_Validation_A1_AA_Credit_Card_NAVY_FCU_under_Accounts -->
  <testcase name="Zstatic_Validation_A1_Credit_Card_NAVYFCU_Account_Disputed" time="0.316" classname="example.NewTest"/>
  <testcase name="Zstatic_Validation_A1_Credit_Card_NAVYFCU_Account_Number" time="0.3" classname="example.NewTest"/>
  <testcase name="Zstatic_Validation_A1_Credit_Card_NAVYFCU_Account_Type" time="0.208" classname="example.NewTest"/>
  <testcase name="Zstatic_Validation_A1_Credit_Card_NAVYFCU_Amount_Past_Due" time="0.2" classname="example.NewTest"/>
  <testcase name="Zstatic_Validation_A1_Credit_Card_NAVYFCU_Credit_Limit" time="0.215" classname="example.NewTest"/>
  <testcase name="Zstatic_Validation_A1_Credit_Card_NAVYFCU_Creditor_info" time="0.283" classname="example.NewTest"/>
  <testcase name="Zstatic_Validation_A1_Credit_Card_NAVYFCU_Date_Opened" time="0.189" classname="example.NewTest"/>
  <testcase name="Zstatic_Validation_A1_Credit_Card_NAVYFCU_Highest_Balance" time="0.283" classname="example.NewTest"/>
  <testcase name="Zstatic_Validation_A1_Credit_Card_NAVYFCU_Last_Reported" time="0.323" classname="example.NewTest">
    <failure type="java.lang.AssertionError" message="expected [true] but found [false]">
      <![CDATA[java.lang.AssertionError: expected [true] but found [false]
	at org.testng.Assert.fail(Assert.java:94)
	at org.testng.Assert.failNotEquals(Assert.java:496)
	at org.testng.Assert.assertTrue(Assert.java:42)
	at org.testng.Assert.assertTrue(Assert.java:52)
	at example.NewTest.Zstatic_Validation_A1_Credit_Card_NAVYFCU_Last_Reported(NewTest.java:287)
	at sun.reflect.NativeMethodAccessorImpl.invoke0(Native Method)
	at sun.reflect.NativeMethodAccessorImpl.invoke(Unknown Source)
	at sun.reflect.DelegatingMethodAccessorImpl.invoke(Unknown Source)
	at java.lang.reflect.Method.invoke(Unknown Source)
	at org.testng.internal.MethodInvocationHelper.invokeMethod(MethodInvocationHelper.java:85)
	at org.testng.internal.Invoker.invokeMethod(Invoker.java:639)
	at org.testng.internal.Invoker.invokeTestMethod(Invoker.java:816)
	at org.testng.internal.Invoker.invokeTestMethods(Invoker.java:1124)
	at org.testng.internal.TestMethodWorker.invokeTestMethods(TestMethodWorker.java:125)
	at org.testng.internal.TestMethodWorker.run(TestMethodWorker.java:108)
	at org.testng.TestRunner.privateRun(TestRunner.java:774)
	at org.testng.TestRunner.run(TestRunner.java:624)
	at org.testng.SuiteRunner.runTest(SuiteRunner.java:359)
	at org.testng.SuiteRunner.runSequentially(SuiteRunner.java:354)
	at org.testng.SuiteRunner.privateRun(SuiteRunner.java:312)
	at org.testng.SuiteRunner.run(SuiteRunner.java:261)
	at org.testng.SuiteRunnerWorker.runSuite(SuiteRunnerWorker.java:52)
	at org.testng.SuiteRunnerWorker.run(SuiteRunnerWorker.java:86)
	at org.testng.TestNG.runSuitesSequentially(TestNG.java:1215)
	at org.testng.TestNG.runSuitesLocally(TestNG.java:1140)
	at org.testng.TestNG.run(TestNG.java:1048)
	at org.testng.remote.AbstractRemoteTestNG.run(AbstractRemoteTestNG.java:132)
	at org.testng.remote.RemoteTestNG.initAndRun(RemoteTestNG.java:236)
	at org.testng.remote.RemoteTestNG.main(RemoteTestNG.java:81)
]]>
    </failure>
  </testcase> <!-- Zstatic_Validation_A1_Credit_Card_NAVYFCU_Last_Reported -->
  <testcase name="Zstatic_Validation_A1_Credit_Card_NAVYFCU_Payment_History" time="0.225" classname="example.NewTest"/>
  <testcase name="Zstatic_Validation_A1_Credit_Card_NAVYFCU_Remarks" time="0.22" classname="example.NewTest"/>
  <testcase name="Zstatic_Validation_A1_Credit_Card_NAVYFCU_Responsibility" time="0.254" classname="example.NewTest"/>
  <testcase name="Zstatic_Validation_A2_Collections_AA_LVNV_FUNDING" time="1.681" classname="example.NewTest"/>
  <testcase name="Zstatic_Validation_A2_Collections_Collections_LVNV_FUNDING1" time="0.302" classname="example.NewTest"/>
  <testcase name="Zstatic_Validation_A2_Collections_Collections_LVNV_FUNDING2" time="0.306" classname="example.NewTest"/>
  <testcase name="Zstatic_Validation_A2_Collections_Collections_MED_DATA_SYS" time="0.307" classname="example.NewTest"/>
  <testcase name="Zstatic_Validation_A2_Collections_LVNV_FUNDING_Account_Condition" time="0.372" classname="example.NewTest"/>
  <testcase name="Zstatic_Validation_A2_Collections_LVNV_FUNDING_Account_Disputed" time="0.616" classname="example.NewTest"/>
  <testcase name="Zstatic_Validation_A2_Collections_LVNV_FUNDING_Account_Number" time="0.236" classname="example.NewTest"/>
  <testcase name="Zstatic_Validation_A2_Collections_LVNV_FUNDING_Balance" time="0.269" classname="example.NewTest"/>
  <testcase name="Zstatic_Validation_A2_Collections_LVNV_FUNDING_Creditorinfo" time="0.296" classname="example.NewTest"/>
  <testcase name="Zstatic_Validation_A2_Collections_LVNV_FUNDING_Highest_Balance" time="0.267" classname="example.NewTest"/>
  <testcase name="Zstatic_Validation_A2_Collections_LVNV_FUNDING_LAST_REPORTED" time="0.374" classname="example.NewTest">
    <failure type="java.lang.AssertionError" message="expected [true] but found [false]">
      <![CDATA[java.lang.AssertionError: expected [true] but found [false]
	at org.testng.Assert.fail(Assert.java:94)
	at org.testng.Assert.failNotEquals(Assert.java:496)
	at org.testng.Assert.assertTrue(Assert.java:42)
	at org.testng.Assert.assertTrue(Assert.java:52)
	at example.NewTest.Zstatic_Validation_A2_Collections_LVNV_FUNDING_LAST_REPORTED(NewTest.java:323)
	at sun.reflect.NativeMethodAccessorImpl.invoke0(Native Method)
	at sun.reflect.NativeMethodAccessorImpl.invoke(Unknown Source)
	at sun.reflect.DelegatingMethodAccessorImpl.invoke(Unknown Source)
	at java.lang.reflect.Method.invoke(Unknown Source)
	at org.testng.internal.MethodInvocationHelper.invokeMethod(MethodInvocationHelper.java:85)
	at org.testng.internal.Invoker.invokeMethod(Invoker.java:639)
	at org.testng.internal.Invoker.invokeTestMethod(Invoker.java:816)
	at org.testng.internal.Invoker.invokeTestMethods(Invoker.java:1124)
	at org.testng.internal.TestMethodWorker.invokeTestMethods(TestMethodWorker.java:125)
	at org.testng.internal.TestMethodWorker.run(TestMethodWorker.java:108)
	at org.testng.TestRunner.privateRun(TestRunner.java:774)
	at org.testng.TestRunner.run(TestRunner.java:624)
	at org.testng.SuiteRunner.runTest(SuiteRunner.java:359)
	at org.testng.SuiteRunner.runSequentially(SuiteRunner.java:354)
	at org.testng.SuiteRunner.privateRun(SuiteRunner.java:312)
	at org.testng.SuiteRunner.run(SuiteRunner.java:261)
	at org.testng.SuiteRunnerWorker.runSuite(SuiteRunnerWorker.java:52)
	at org.testng.SuiteRunnerWorker.run(SuiteRunnerWorker.java:86)
	at org.testng.TestNG.runSuitesSequentially(TestNG.java:1215)
	at org.testng.TestNG.runSuitesLocally(TestNG.java:1140)
	at org.testng.TestNG.run(TestNG.java:1048)
	at org.testng.remote.AbstractRemoteTestNG.run(AbstractRemoteTestNG.java:132)
	at org.testng.remote.RemoteTestNG.initAndRun(RemoteTestNG.java:236)
	at org.testng.remote.RemoteTestNG.main(RemoteTestNG.java:81)
]]>
    </failure>
  </testcase> <!-- Zstatic_Validation_A2_Collections_LVNV_FUNDING_LAST_REPORTED -->
  <testcase name="Zstatic_Validation_A2_Collections_LVNV_FUNDING_Original_Creditor" time="0.818" classname="example.NewTest"/>
  <testcase name="Zstatic_Validation_A2_Collections_LVNV_FUNDING_Remarks" time="0.217" classname="example.NewTest"/>
  <testcase name="Zstatic_Validation_A2_Collections_LVNV_FUNDING_Responsibility" time="0.22" classname="example.NewTest"/>
  <testcase name="Zstatic_Validation_A2_Collections_Personal_Information_for_Names_Reported" time="0.327" classname="example.NewTest"/>
</testsuite> <!-- Default test -->
